{"/Users/sharv12/Downloads/angular-sdk-components/packages/angular-sdk-components/src/lib/_components/field/auto-complete/auto-complete.component.html": {"path":"/Users/sharv12/Downloads/angular-sdk-components/packages/angular-sdk-components/src/lib/_components/field/auto-complete/auto-complete.component.html","statementMap":{"0":{"start":{"line":1,"column":0},"end":{"line":1,"column":1437}}},"fnMap":{},"branchMap":{},"s":{"0":1},"f":{},"b":{},"_coverageSchema":"1a1c01bbd47fc00a2c39e90264f33305004495a9","hash":"1253082e3e3bbbadd454a902fab7688a718403ac"}
,"/Users/sharv12/Downloads/angular-sdk-components/packages/angular-sdk-components/src/lib/_components/field/auto-complete/auto-complete.component.ts": {"path":"/Users/sharv12/Downloads/angular-sdk-components/packages/angular-sdk-components/src/lib/_components/field/auto-complete/auto-complete.component.ts","statementMap":{"0":{"start":{"line":1,"column":0},"end":{"line":1,"column":92}},"1":{"start":{"line":2,"column":0},"end":{"line":2,"column":47}},"2":{"start":{"line":3,"column":0},"end":{"line":3,"column":53}},"3":{"start":{"line":4,"column":0},"end":{"line":4,"column":57}},"4":{"start":{"line":5,"column":0},"end":{"line":5,"column":71}},"5":{"start":{"line":6,"column":0},"end":{"line":6,"column":57}},"6":{"start":{"line":7,"column":0},"end":{"line":7,"column":66}},"7":{"start":{"line":9,"column":0},"end":{"line":9,"column":48}},"8":{"start":{"line":11,"column":0},"end":{"line":11,"column":42}},"9":{"start":{"line":12,"column":0},"end":{"line":12,"column":104}},"10":{"start":{"line":13,"column":0},"end":{"line":13,"column":70}},"11":{"start":{"line":14,"column":0},"end":{"line":14,"column":59}},"12":{"start":{"line":49,"column":12},"end":{"line":49,"column":54}},"13":{"start":{"line":51,"column":12},"end":{"line":51,"column":null}},"14":{"start":{"line":57,"column":2},"end":{"line":57,"column":15}},"15":{"start":{"line":60,"column":2},"end":{"line":60,"column":19}},"16":{"start":{"line":64,"column":4},"end":{"line":64,"column":21}},"17":{"start":{"line":66,"column":4},"end":{"line":69,"column":6}},"18":{"start":{"line":68,"column":19},"end":{"line":68,"column":56}},"19":{"start":{"line":73,"column":4},"end":{"line":73,"column":28}},"20":{"start":{"line":74,"column":18},"end":{"line":74,"column":94}},"21":{"start":{"line":74,"column":54},"end":{"line":74,"column":93}},"22":{"start":{"line":75,"column":4},"end":{"line":75,"column":84}},"23":{"start":{"line":76,"column":4},"end":{"line":76,"column":44}},"24":{"start":{"line":80,"column":22},"end":{"line":80,"column":63}},"25":{"start":{"line":81,"column":4},"end":{"line":81,"column":92}},"26":{"start":{"line":81,"column":43},"end":{"line":81,"column":90}},"27":{"start":{"line":89,"column":4},"end":{"line":89,"column":106}},"28":{"start":{"line":92,"column":4},"end":{"line":92,"column":60}},"29":{"start":{"line":95,"column":44},"end":{"line":95,"column":61}},"30":{"start":{"line":97,"column":4},"end":{"line":101,"column":5}},"31":{"start":{"line":98,"column":20},"end":{"line":98,"column":78}},"32":{"start":{"line":98,"column":56},"end":{"line":98,"column":77}},"33":{"start":{"line":99,"column":6},"end":{"line":99,"column":68}},"34":{"start":{"line":100,"column":6},"end":{"line":100,"column":46}},"35":{"start":{"line":103,"column":4},"end":{"line":103,"column":29}},"36":{"start":{"line":104,"column":4},"end":{"line":104,"column":33}},"37":{"start":{"line":106,"column":20},"end":{"line":106,"column":48}},"38":{"start":{"line":107,"column":36},"end":{"line":107,"column":71}},"39":{"start":{"line":109,"column":4},"end":{"line":111,"column":5}},"40":{"start":{"line":110,"column":6},"end":{"line":110,"column":53}},"41":{"start":{"line":113,"column":4},"end":{"line":116,"column":5}},"42":{"start":{"line":114,"column":26},"end":{"line":114,"column":100}},"43":{"start":{"line":115,"column":6},"end":{"line":115,"column":35}},"44":{"start":{"line":118,"column":4},"end":{"line":121,"column":5}},"45":{"start":{"line":119,"column":22},"end":{"line":119,"column":102}},"46":{"start":{"line":120,"column":6},"end":{"line":120,"column":32}},"47":{"start":{"line":125,"column":21},"end":{"line":125,"column":49}},"48":{"start":{"line":126,"column":18},"end":{"line":126,"column":43}},"49":{"start":{"line":128,"column":52},"end":{"line":128,"column":80}},"50":{"start":{"line":131,"column":4},"end":{"line":151,"column":5}},"51":{"start":{"line":132,"column":6},"end":{"line":132,"column":33}},"52":{"start":{"line":133,"column":6},"end":{"line":133,"column":54}},"53":{"start":{"line":134,"column":71},"end":{"line":134,"column":100}},"54":{"start":{"line":135,"column":6},"end":{"line":135,"column":59}},"55":{"start":{"line":136,"column":26},"end":{"line":136,"column":129}},"56":{"start":{"line":137,"column":24},"end":{"line":137,"column":109}},"57":{"start":{"line":138,"column":6},"end":{"line":150,"column":8}},"58":{"start":{"line":153,"column":4},"end":{"line":153,"column":35}},"59":{"start":{"line":157,"column":31},"end":{"line":157,"column":33}},"60":{"start":{"line":158,"column":26},"end":{"line":158,"column":69}},"61":{"start":{"line":159,"column":4},"end":{"line":165,"column":7}},"62":{"start":{"line":160,"column":18},"end":{"line":163,"column":8}},"63":{"start":{"line":164,"column":6},"end":{"line":164,"column":28}},"64":{"start":{"line":166,"column":4},"end":{"line":166,"column":33}},"65":{"start":{"line":170,"column":23},"end":{"line":170,"column":25}},"66":{"start":{"line":171,"column":4},"end":{"line":174,"column":7}},"67":{"start":{"line":172,"column":38},"end":{"line":172,"column":49}},"68":{"start":{"line":173,"column":6},"end":{"line":173,"column":32}},"69":{"start":{"line":176,"column":4},"end":{"line":176,"column":22}},"70":{"start":{"line":180,"column":27},"end":{"line":180,"column":75}},"71":{"start":{"line":180,"column":52},"end":{"line":180,"column":74}},"72":{"start":{"line":181,"column":29},"end":{"line":181,"column":68}},"73":{"start":{"line":182,"column":19},"end":{"line":182,"column":63}},"74":{"start":{"line":182,"column":44},"end":{"line":182,"column":62}},"75":{"start":{"line":183,"column":4},"end":{"line":183,"column":67}},"76":{"start":{"line":184,"column":4},"end":{"line":190,"column":5}},"77":{"start":{"line":184,"column":21},"end":{"line":184,"column":22}},"78":{"start":{"line":185,"column":6},"end":{"line":189,"column":7}},"79":{"start":{"line":186,"column":8},"end":{"line":186,"column":58}},"80":{"start":{"line":188,"column":8},"end":{"line":188,"column":64}},"81":{"start":{"line":191,"column":4},"end":{"line":191,"column":23}},"82":{"start":{"line":195,"column":4},"end":{"line":199,"column":7}},"83":{"start":{"line":196,"column":25},"end":{"line":196,"column":35}},"84":{"start":{"line":197,"column":6},"end":{"line":197,"column":101}},"85":{"start":{"line":198,"column":6},"end":{"line":198,"column":24}},"86":{"start":{"line":203,"column":19},"end":{"line":203,"column":58}},"87":{"start":{"line":204,"column":4},"end":{"line":204,"column":29}},"88":{"start":{"line":205,"column":4},"end":{"line":205,"column":65}},"89":{"start":{"line":209,"column":16},"end":{"line":209,"column":36}},"90":{"start":{"line":211,"column":14},"end":{"line":211,"column":16}},"91":{"start":{"line":212,"column":4},"end":{"line":215,"column":5}},"92":{"start":{"line":213,"column":20},"end":{"line":213,"column":78}},"93":{"start":{"line":213,"column":56},"end":{"line":213,"column":77}},"94":{"start":{"line":214,"column":6},"end":{"line":214,"column":64}},"95":{"start":{"line":216,"column":18},"end":{"line":216,"column":21}},"96":{"start":{"line":217,"column":4},"end":{"line":217,"column":70}},"97":{"start":{"line":219,"column":4},"end":{"line":221,"column":5}},"98":{"start":{"line":220,"column":6},"end":{"line":220,"column":38}},"99":{"start":{"line":48,"column":13},"end":{"line":48,"column":34}},"100":{"start":{"line":48,"column":13},"end":{"line":223,"column":null}},"101":{"start":{"line":44,"column":21},"end":{"line":44,"column":45}}},"fnMap":{"0":{"name":"(anonymous_0)","decl":{"start":{"line":48,"column":7},"end":{"line":48,"column":13}},"loc":{"start":{"line":48,"column":7},"end":{"line":223,"column":1}}},"1":{"name":"(anonymous_1)","decl":{"start":{"line":63,"column":11},"end":{"line":63,"column":16}},"loc":{"start":{"line":63,"column":25},"end":{"line":70,"column":3}}},"2":{"name":"(anonymous_2)","decl":{"start":{"line":68,"column":10},"end":{"line":68,"column":15}},"loc":{"start":{"line":68,"column":19},"end":{"line":68,"column":56}}},"3":{"name":"(anonymous_3)","decl":{"start":{"line":72,"column":2},"end":{"line":72,"column":12}},"loc":{"start":{"line":72,"column":31},"end":{"line":77,"column":3}}},"4":{"name":"(anonymous_4)","decl":{"start":{"line":74,"column":43},"end":{"line":74,"column":50}},"loc":{"start":{"line":74,"column":54},"end":{"line":74,"column":93}}},"5":{"name":"(anonymous_5)","decl":{"start":{"line":79,"column":10},"end":{"line":79,"column":17}},"loc":{"start":{"line":79,"column":31},"end":{"line":82,"column":3}}},"6":{"name":"(anonymous_6)","decl":{"start":{"line":81,"column":33},"end":{"line":81,"column":39}},"loc":{"start":{"line":81,"column":43},"end":{"line":81,"column":90}}},"7":{"name":"(anonymous_7)","decl":{"start":{"line":87,"column":11},"end":{"line":87,"column":16}},"loc":{"start":{"line":87,"column":27},"end":{"line":122,"column":3}}},"8":{"name":"(anonymous_8)","decl":{"start":{"line":98,"column":45},"end":{"line":98,"column":52}},"loc":{"start":{"line":98,"column":56},"end":{"line":98,"column":77}}},"9":{"name":"(anonymous_9)","decl":{"start":{"line":124,"column":2},"end":{"line":124,"column":30}},"loc":{"start":{"line":124,"column":30},"end":{"line":154,"column":3}}},"10":{"name":"(anonymous_10)","decl":{"start":{"line":156,"column":2},"end":{"line":156,"column":13}},"loc":{"start":{"line":156,"column":26},"end":{"line":167,"column":3}}},"11":{"name":"(anonymous_11)","decl":{"start":{"line":159,"column":21},"end":{"line":159,"column":28}},"loc":{"start":{"line":159,"column":31},"end":{"line":165,"column":5}}},"12":{"name":"(anonymous_12)","decl":{"start":{"line":169,"column":2},"end":{"line":169,"column":19}},"loc":{"start":{"line":169,"column":31},"end":{"line":177,"column":3}}},"13":{"name":"(anonymous_13)","decl":{"start":{"line":171,"column":32},"end":{"line":171,"column":35}},"loc":{"start":{"line":171,"column":38},"end":{"line":174,"column":5}}},"14":{"name":"(anonymous_14)","decl":{"start":{"line":179,"column":2},"end":{"line":179,"column":26}},"loc":{"start":{"line":179,"column":37},"end":{"line":192,"column":3}}},"15":{"name":"(anonymous_15)","decl":{"start":{"line":180,"column":45},"end":{"line":180,"column":48}},"loc":{"start":{"line":180,"column":52},"end":{"line":180,"column":74}}},"16":{"name":"(anonymous_16)","decl":{"start":{"line":182,"column":37},"end":{"line":182,"column":40}},"loc":{"start":{"line":182,"column":44},"end":{"line":182,"column":62}}},"17":{"name":"(anonymous_17)","decl":{"start":{"line":194,"column":2},"end":{"line":194,"column":19}},"loc":{"start":{"line":194,"column":30},"end":{"line":200,"column":3}}},"18":{"name":"(anonymous_18)","decl":{"start":{"line":195,"column":27},"end":{"line":195,"column":30}},"loc":{"start":{"line":195,"column":33},"end":{"line":199,"column":5}}},"19":{"name":"(anonymous_19)","decl":{"start":{"line":202,"column":2},"end":{"line":202,"column":15}},"loc":{"start":{"line":202,"column":28},"end":{"line":206,"column":3}}},"20":{"name":"(anonymous_20)","decl":{"start":{"line":208,"column":2},"end":{"line":208,"column":15}},"loc":{"start":{"line":208,"column":26},"end":{"line":222,"column":3}}},"21":{"name":"(anonymous_21)","decl":{"start":{"line":213,"column":45},"end":{"line":213,"column":52}},"loc":{"start":{"line":213,"column":56},"end":{"line":213,"column":77}}},"22":{"name":"(anonymous_22)","decl":{"start":{"line":44,"column":15},"end":{"line":44,"column":18}},"loc":{"start":{"line":44,"column":21},"end":{"line":44,"column":45}}}},"branchMap":{"0":{"loc":{"start":{"line":68,"column":33},"end":{"line":68,"column":55}},"type":"binary-expr","locations":[{"start":{"line":68,"column":33},"end":{"line":68,"column":49}},{"start":{"line":68,"column":53},"end":{"line":68,"column":55}}]},"1":{"loc":{"start":{"line":75,"column":18},"end":{"line":75,"column":83}},"type":"cond-expr","locations":[{"start":{"line":75,"column":31},"end":{"line":75,"column":57}},{"start":{"line":75,"column":60},"end":{"line":75,"column":83}}]},"2":{"loc":{"start":{"line":80,"column":23},"end":{"line":80,"column":48}},"type":"binary-expr","locations":[{"start":{"line":80,"column":23},"end":{"line":80,"column":28}},{"start":{"line":80,"column":32},"end":{"line":80,"column":48}}]},"3":{"loc":{"start":{"line":97,"column":4},"end":{"line":101,"column":5}},"type":"if","locations":[{"start":{"line":97,"column":4},"end":{"line":101,"column":5}},{"start":{},"end":{}}]},"4":{"loc":{"start":{"line":99,"column":20},"end":{"line":99,"column":67}},"type":"cond-expr","locations":[{"start":{"line":99,"column":33},"end":{"line":99,"column":59}},{"start":{"line":99,"column":62},"end":{"line":99,"column":67}}]},"5":{"loc":{"start":{"line":109,"column":4},"end":{"line":111,"column":5}},"type":"if","locations":[{"start":{"line":109,"column":4},"end":{"line":111,"column":5}},{"start":{},"end":{}}]},"6":{"loc":{"start":{"line":113,"column":4},"end":{"line":116,"column":5}},"type":"if","locations":[{"start":{"line":113,"column":4},"end":{"line":116,"column":5}},{"start":{},"end":{}}]},"7":{"loc":{"start":{"line":118,"column":4},"end":{"line":121,"column":5}},"type":"if","locations":[{"start":{"line":118,"column":4},"end":{"line":121,"column":5}},{"start":{},"end":{}}]},"8":{"loc":{"start":{"line":118,"column":8},"end":{"line":118,"column":60}},"type":"binary-expr","locations":[{"start":{"line":118,"column":8},"end":{"line":118,"column":26}},{"start":{"line":118,"column":30},"end":{"line":118,"column":60}}]},"9":{"loc":{"start":{"line":131,"column":4},"end":{"line":151,"column":5}},"type":"if","locations":[{"start":{"line":131,"column":4},"end":{"line":151,"column":5}},{"start":{},"end":{}}]},"10":{"loc":{"start":{"line":131,"column":8},"end":{"line":131,"column":63}},"type":"binary-expr","locations":[{"start":{"line":131,"column":8},"end":{"line":131,"column":23}},{"start":{"line":131,"column":27},"end":{"line":131,"column":63}}]},"11":{"loc":{"start":{"line":136,"column":26},"end":{"line":136,"column":129}},"type":"cond-expr","locations":[{"start":{"line":136,"column":69},"end":{"line":136,"column":104}},{"start":{"line":136,"column":107},"end":{"line":136,"column":129}}]},"12":{"loc":{"start":{"line":137,"column":24},"end":{"line":137,"column":109}},"type":"cond-expr","locations":[{"start":{"line":137,"column":61},"end":{"line":137,"column":90}},{"start":{"line":137,"column":93},"end":{"line":137,"column":109}}]},"13":{"loc":{"start":{"line":161,"column":13},"end":{"line":161,"column":57}},"type":"binary-expr","locations":[{"start":{"line":161,"column":13},"end":{"line":161,"column":39}},{"start":{"line":161,"column":43},"end":{"line":161,"column":57}}]},"14":{"loc":{"start":{"line":169,"column":20},"end":{"line":169,"column":31}},"type":"default-arg","locations":[{"start":{"line":169,"column":29},"end":{"line":169,"column":31}}]},"15":{"loc":{"start":{"line":183,"column":22},"end":{"line":183,"column":66}},"type":"cond-expr","locations":[{"start":{"line":183,"column":42},"end":{"line":183,"column":57}},{"start":{"line":183,"column":60},"end":{"line":183,"column":66}}]},"16":{"loc":{"start":{"line":185,"column":6},"end":{"line":189,"column":7}},"type":"if","locations":[{"start":{"line":185,"column":6},"end":{"line":189,"column":7}},{"start":{"line":187,"column":13},"end":{"line":189,"column":7}}]},"17":{"loc":{"start":{"line":197,"column":25},"end":{"line":197,"column":100}},"type":"cond-expr","locations":[{"start":{"line":197,"column":66},"end":{"line":197,"column":88}},{"start":{"line":197,"column":91},"end":{"line":197,"column":100}}]},"18":{"loc":{"start":{"line":197,"column":25},"end":{"line":197,"column":63}},"type":"binary-expr","locations":[{"start":{"line":197,"column":25},"end":{"line":197,"column":34}},{"start":{"line":197,"column":38},"end":{"line":197,"column":63}}]},"19":{"loc":{"start":{"line":212,"column":4},"end":{"line":215,"column":5}},"type":"if","locations":[{"start":{"line":212,"column":4},"end":{"line":215,"column":5}},{"start":{},"end":{}}]},"20":{"loc":{"start":{"line":214,"column":12},"end":{"line":214,"column":63}},"type":"cond-expr","locations":[{"start":{"line":214,"column":26},"end":{"line":214,"column":56}},{"start":{"line":214,"column":60},"end":{"line":214,"column":63}}]},"21":{"loc":{"start":{"line":219,"column":4},"end":{"line":221,"column":5}},"type":"if","locations":[{"start":{"line":219,"column":4},"end":{"line":221,"column":5}},{"start":{},"end":{}}]}},"s":{"0":1,"1":1,"2":1,"3":1,"4":1,"5":1,"6":1,"7":1,"8":1,"9":1,"10":1,"11":1,"12":22,"13":22,"14":22,"15":22,"16":0,"17":0,"18":0,"19":5,"20":5,"21":2,"22":5,"23":5,"24":3,"25":3,"26":9,"27":0,"28":0,"29":0,"30":0,"31":0,"32":0,"33":0,"34":0,"35":0,"36":0,"37":0,"38":0,"39":0,"40":0,"41":0,"42":0,"43":0,"44":0,"45":0,"46":0,"47":1,"48":1,"49":1,"50":1,"51":0,"52":0,"53":0,"54":0,"55":0,"56":0,"57":0,"58":1,"59":3,"60":3,"61":3,"62":2,"63":2,"64":3,"65":2,"66":2,"67":1,"68":1,"69":2,"70":6,"71":9,"72":6,"73":6,"74":9,"75":6,"76":6,"77":6,"78":5,"79":5,"80":0,"81":6,"82":2,"83":1,"84":1,"85":1,"86":2,"87":2,"88":2,"89":2,"90":2,"91":2,"92":2,"93":2,"94":2,"95":2,"96":2,"97":2,"98":2,"99":1,"100":1,"101":0},"f":{"0":22,"1":0,"2":0,"3":5,"4":2,"5":3,"6":9,"7":0,"8":0,"9":1,"10":3,"11":2,"12":2,"13":1,"14":6,"15":9,"16":9,"17":2,"18":1,"19":2,"20":2,"21":2,"22":0},"b":{"0":[0,0],"1":[2,3],"2":[3,1],"3":[0,0],"4":[0,0],"5":[0,0],"6":[0,0],"7":[0,0],"8":[0,0],"9":[0,1],"10":[1,0],"11":[0,0],"12":[0,0],"13":[2,0],"14":[1],"15":[4,2],"16":[5,0],"17":[1,0],"18":[1,1],"19":[2,0],"20":[2,0],"21":[2,0]}}
}
