TN:
SF:packages/angular-sdk-components/src/lib/_components/field/auto-complete/auto-complete.component.html
FNF:0
FNH:0
DA:1,1
LF:1
LH:1
BRF:0
BRH:0
end_of_record
TN:
SF:packages/angular-sdk-components/src/lib/_components/field/auto-complete/auto-complete.component.ts
FN:48,(anonymous_0)
FN:63,(anonymous_1)
FN:68,(anonymous_2)
FN:72,(anonymous_3)
FN:74,(anonymous_4)
FN:79,(anonymous_5)
FN:81,(anonymous_6)
FN:87,(anonymous_7)
FN:98,(anonymous_8)
FN:124,(anonymous_9)
FN:156,(anonymous_10)
FN:159,(anonymous_11)
FN:169,(anonymous_12)
FN:171,(anonymous_13)
FN:179,(anonymous_14)
FN:180,(anonymous_15)
FN:182,(anonymous_16)
FN:194,(anonymous_17)
FN:195,(anonymous_18)
FN:202,(anonymous_19)
FN:208,(anonymous_20)
FN:213,(anonymous_21)
FN:44,(anonymous_22)
FNF:23
FNH:18
FNDA:22,(anonymous_0)
FNDA:0,(anonymous_1)
FNDA:0,(anonymous_2)
FNDA:5,(anonymous_3)
FNDA:2,(anonymous_4)
FNDA:3,(anonymous_5)
FNDA:9,(anonymous_6)
FNDA:0,(anonymous_7)
FNDA:0,(anonymous_8)
FNDA:1,(anonymous_9)
FNDA:3,(anonymous_10)
FNDA:2,(anonymous_11)
FNDA:2,(anonymous_12)
FNDA:1,(anonymous_13)
FNDA:6,(anonymous_14)
FNDA:9,(anonymous_15)
FNDA:9,(anonymous_16)
FNDA:2,(anonymous_17)
FNDA:1,(anonymous_18)
FNDA:2,(anonymous_19)
FNDA:2,(anonymous_20)
FNDA:2,(anonymous_21)
FNDA:0,(anonymous_22)
DA:1,1
DA:2,1
DA:3,1
DA:4,1
DA:5,1
DA:6,1
DA:7,1
DA:9,1
DA:11,1
DA:12,1
DA:13,1
DA:14,1
DA:44,0
DA:48,1
DA:49,22
DA:51,22
DA:57,22
DA:60,22
DA:64,0
DA:66,0
DA:68,0
DA:73,5
DA:74,5
DA:75,5
DA:76,5
DA:80,3
DA:81,9
DA:89,0
DA:92,0
DA:95,0
DA:97,0
DA:98,0
DA:99,0
DA:100,0
DA:103,0
DA:104,0
DA:106,0
DA:107,0
DA:109,0
DA:110,0
DA:113,0
DA:114,0
DA:115,0
DA:118,0
DA:119,0
DA:120,0
DA:125,1
DA:126,1
DA:128,1
DA:131,1
DA:132,0
DA:133,0
DA:134,0
DA:135,0
DA:136,0
DA:137,0
DA:138,0
DA:153,1
DA:157,3
DA:158,3
DA:159,3
DA:160,2
DA:164,2
DA:166,3
DA:170,2
DA:171,2
DA:172,1
DA:173,1
DA:176,2
DA:180,9
DA:181,6
DA:182,9
DA:183,6
DA:184,6
DA:185,5
DA:186,5
DA:188,0
DA:191,6
DA:195,2
DA:196,1
DA:197,1
DA:198,1
DA:203,2
DA:204,2
DA:205,2
DA:209,2
DA:211,2
DA:212,2
DA:213,2
DA:214,2
DA:216,2
DA:217,2
DA:219,2
DA:220,2
LF:94
LH:63
BRDA:68,0,0,0
BRDA:68,0,1,0
BRDA:75,1,0,2
BRDA:75,1,1,3
BRDA:80,2,0,3
BRDA:80,2,1,1
BRDA:97,3,0,0
BRDA:97,3,1,0
BRDA:99,4,0,0
BRDA:99,4,1,0
BRDA:109,5,0,0
BRDA:109,5,1,0
BRDA:113,6,0,0
BRDA:113,6,1,0
BRDA:118,7,0,0
BRDA:118,7,1,0
BRDA:118,8,0,0
BRDA:118,8,1,0
BRDA:131,9,0,0
BRDA:131,9,1,1
BRDA:131,10,0,1
BRDA:131,10,1,0
BRDA:136,11,0,0
BRDA:136,11,1,0
BRDA:137,12,0,0
BRDA:137,12,1,0
BRDA:161,13,0,2
BRDA:161,13,1,0
BRDA:169,14,0,1
BRDA:183,15,0,4
BRDA:183,15,1,2
BRDA:185,16,0,5
BRDA:185,16,1,0
BRDA:197,17,0,1
BRDA:197,17,1,0
BRDA:197,18,0,1
BRDA:197,18,1,1
BRDA:212,19,0,2
BRDA:212,19,1,0
BRDA:214,20,0,2
BRDA:214,20,1,0
BRDA:219,21,0,2
BRDA:219,21,1,0
BRF:43
BRH:17
end_of_record
